<?xml version="1.0" encoding="UTF-8"?>
<testsuite name="Criar uma nova conta" tests="2" skipped="0" failures="0" errors="0" timestamp="2018-10-24T18:55:39" hostname="NOTE-08-025699" time="0.011">
  <properties/>
  <testcase name="Criar uma conta de pessoa física." classname="Criar uma nova conta" time="0.009"/>
  <testcase name="criar uma conta de pessoa fisica sem o cpf" classname="Criar uma nova conta" time="0.001"/>
  <system-out><![CDATA[Funcionalidade: Criar uma nova conta
	Esta funcionalidade tem o cenário de criar uma nova conta de um cliente da Maze Bank.
	São obrigatórios o nome e o CPF do cliente.

  Cenario: Criar uma conta de pessoa física.                          ?[90m# src/test/resource/CriarConta.feature:5?[0m
    ?[32mDado ?[0m?[32mque eu deseje criar uma conta na Maze Bank?[0m                   ?[90m# CriarContaFeature.que_eu_deseje_criar_uma_conta_na_Maze_Bank()?[0m
    ?[32mQuando ?[0m?[32meu informar o nome ?[0m?[32m?[1m"Trevor Phillips"?[0m?[32m e o CPF ?[0m?[32m?[1m"12345678909"?[0m ?[90m# CriarContaFeature.eu_informar_o_nome_e_o_CPF(String,String)?[0m
    ?[32mEntão ?[0m?[32mdeverá emitir o saldo de ?[0m?[32m?[1m0.0?[0m                                ?[90m# CriarContaFeature.deverá_emitir_o_saldo_de(Double)?[0m

  Cenario: criar uma conta de pessoa fisica sem o cpf         ?[90m# src/test/resource/CriarConta.feature:9?[0m
    ?[32mQuando ?[0m?[32meu informar o nome ?[0m?[32m?[1m"Trevor Phillips"?[0m?[32m e o CPF vazio?[0m ?[90m# CriarContaFeature.eu_informar_o_nome_e_o_CPF_vazio(String)?[0m
    ?[32mEntão ?[0m?[32mdeverá vir com saldo nulo?[0m                           ?[90m# CriarContaFeature.deverá_vir_com_saldo_nulo()?[0m
]]></system-out>
  <system-err><![CDATA[]]></system-err>
</testsuite>
