<?xml version="1.0" encoding="UTF-8"?>
<testsuite name="ContaRunner" tests="0" skipped="0" failures="0" errors="0" timestamp="1970-01-01T00:00:00" hostname="NOTE-08-025699" time="0.0">
  <properties/>
  <system-out><![CDATA[
?[33mUndefined scenarios:?[0m
?[33msrc/test/resource/CriarConta.feature:5 ?[0m# Criar uma conta de pessoa física.
?[33msrc/test/resource/CriarConta.feature:9 ?[0m# criar uma conta de pessoa fisica sem o cpf
?[33msrc/test/resource/Depositar.feature:4 ?[0m# depositando um valor qualquer

3 Scenarios (?[33m3 undefined?[0m)
9 Steps (?[33m9 undefined?[0m)
0m0.130s


You can implement missing steps with the snippets below:

@Dado("que eu deseje criar uma conta na Maze Bank")
public void que_eu_deseje_criar_uma_conta_na_Maze_Bank() {
    // Write code here that turns the phrase above into concrete actions
    throw new cucumber.api.PendingException();
}

@Quando("eu informar o nome {string} e o CPF {string}")
public void eu_informar_o_nome_e_o_CPF(String string, String string2) {
    // Write code here that turns the phrase above into concrete actions
    throw new cucumber.api.PendingException();
}

@Então("deverá emitir o saldo de {double}")
public void deverá_emitir_o_saldo_de(Double double1) {
    // Write code here that turns the phrase above into concrete actions
    throw new cucumber.api.PendingException();
}

@Quando("eu informar o nome {string} e o CPF vazio")
public void eu_informar_o_nome_e_o_CPF_vazio(String string) {
    // Write code here that turns the phrase above into concrete actions
    throw new cucumber.api.PendingException();
}

@Então("deverá vir com saldo nulo")
public void deverá_vir_com_saldo_nulo() {
    // Write code here that turns the phrase above into concrete actions
    throw new cucumber.api.PendingException();
}

@Dado("que eu tenho a conta de {string} do cpf {string}")
public void que_eu_tenho_a_conta_de_do_cpf(String string, String string2) {
    // Write code here that turns the phrase above into concrete actions
    throw new cucumber.api.PendingException();
}

@Quando("eu efetuar um depósito de {double}")
public void eu_efetuar_um_depósito_de(Double double1) {
    // Write code here that turns the phrase above into concrete actions
    throw new cucumber.api.PendingException();
}

@Quando("efetuar outro depósito de {double}")
public void efetuar_outro_depósito_de(Double double1) {
    // Write code here that turns the phrase above into concrete actions
    throw new cucumber.api.PendingException();
}

@Então("o saldo deverá ser de {double}")
public void o_saldo_deverá_ser_de(Double double1) {
    // Write code here that turns the phrase above into concrete actions
    throw new cucumber.api.PendingException();
}

]]></system-out>
  <system-err><![CDATA[]]></system-err>
</testsuite>
